<?xml version="1.0" encoding="UTF-8"?>
<testsuite name="tareaCRUDItem.CRUDItemTarea" tests="1" skipped="0" failures="0" errors="0" timestamp="2022-02-25T02:31:49" hostname="ERICK-MARTINEZ" time="7.601">
  <properties/>
  <testcase name="crudProject()" classname="tareaCRUDItem.CRUDItemTarea" time="7.601"/>
  <system-out><![CDATA[Request method:	POST
Request URI:	https://todo.ly/api/items.json
Proxy:			<none>
Request params:	<none>
Query params:	<none>
Form params:	<none>
Path params:	<none>
Headers:		Authorization=Basic dXBiX2FwaUBhcGkuY29tOjEyMzQ1
				Accept=*/*
				Content-Type=text/plain; charset=ISO-8859-1
Cookies:		<none>
Multiparts:		<none>
Body:
{"Content":"ErickJSON"}
HTTP/1.1 200 OK
Cache-Control: no-cache, no-store, must-revalidate
Pragma: no-cache
Content-Type: application/json; charset=utf-8
Expires: -1
Server: Microsoft-IIS/8.0
Set-Cookie: ASP.NET_SessionId=g452aeuddkclq1htlqqjjee3; path=/; HttpOnly; SameSite=Lax
X-AspNetMvc-Version: 2.0
X-AspNet-Version: 4.0.30319
X-Powered-By: ASP.NET
Date: Fri, 25 Feb 2022 02:31:49 GMT
Content-Length: 530

{
    "Id": 11003297,
    "Content": "ErickJSON",
    "ItemType": 1,
    "Checked": false,
    "ProjectId": null,
    "ParentId": null,
    "Path": "",
    "Collapsed": false,
    "DateString": null,
    "DateStringPriority": 0,
    "DueDate": "",
    "Recurrence": null,
    "ItemOrder": null,
    "Priority": 4,
    "LastSyncedDateTime": "/Date(1645756309386)/",
    "Children": [
        
    ],
    "DueDateTime": null,
    "CreatedDate": "/Date(1645756309357)/",
    "LastCheckedDate": null,
    "LastUpdatedDate": "/Date(1645756309357)/",
    "Deleted": false,
    "Notes": "",
    "InHistory": false,
    "SyncClientCreationId": null,
    "DueTimeSpecified": true,
    "OwnerId": 701882
}
Request method:	GET
Request URI:	https://todo.ly/api/items.json
Proxy:			<none>
Request params:	<none>
Query params:	<none>
Form params:	<none>
Path params:	<none>
Headers:		Authorization=Basic dXBiX2FwaUBhcGkuY29tOjEyMzQ1
				Accept=*/*
Cookies:		<none>
Multiparts:		<none>
Body:			<none>
HTTP/1.1 200 OK
Cache-Control: no-cache, no-store, must-revalidate
Pragma: no-cache
Content-Type: application/json; charset=utf-8
Expires: -1
Server: Microsoft-IIS/8.0
Set-Cookie: ASP.NET_SessionId=vgs5zinsrzqhj1p15rfxqeoi; path=/; HttpOnly; SameSite=Lax
X-AspNetMvc-Version: 2.0
X-AspNet-Version: 4.0.30319
X-Powered-By: ASP.NET
Date: Fri, 25 Feb 2022 02:31:51 GMT
Content-Length: 34631

[
    {
        "Id": 11002951,
        "Content": "LucianoItem",
        "ItemType": 1,
        "Checked": false,
        "ProjectId": null,
        "ParentId": null,
        "Path": "",
        "Collapsed": false,
        "DateString": null,
        "DateStringPriority": 0,
        "DueDate": "",
        "Recurrence": null,
        "ItemOrder": null,
        "Priority": 4,
        "LastSyncedDateTime": "/Date(1645756311414)/",
        "Children": [
            
        ],
        "DueDateTime": null,
        "CreatedDate": "/Date(1645710216210)/",
        "LastCheckedDate": null,
        "LastUpdatedDate": "/Date(1645710216210)/",
        "Deleted": false,
        "Notes": "",
        "InHistory": false,
        "SyncClientCreationId": null,
        "DueTimeSpecified": true,
        "OwnerId": 701882
    },
    {
        "Id": 11002952,
        "Content": "LucianoItem",
        "ItemType": 1,
        "Checked": false,
        "ProjectId": null,
        "ParentId": null,
        "Path": "",
        "Collapsed": false,
        "DateString": null,
        "DateStringPriority": 0,
        "DueDate": "",
        "Recurrence": null,
        "ItemOrder": null,
        "Priority": 4,
        "LastSyncedDateTime": "/Date(1645756311414)/",
        "Children": [
            
        ],
        "DueDateTime": null,
        "CreatedDate": "/Date(1645710246647)/",
        "LastCheckedDate": null,
        "LastUpdatedDate": "/Date(1645710246647)/",
        "Deleted": false,
        "Notes": "",
        "InHistory": false,
        "SyncClientCreationId": null,
        "DueTimeSpecified": true,
        "OwnerId": 701882
    },
    {
        "Id": 11002953,
        "Content": "AlejandraItemUpdate",
        "ItemType": 1,
        "Checked": false,
        "ProjectId": null,
        "ParentId": null,
        "Path": "",
        "Collapsed": false,
        "DateString": null,
        "DateStringPriority": 0,
        "DueDate": "",
        "Recurrence": null,
        "ItemOrder": null,
        "Priority": 4,
        "LastSyncedDateTime": "/Date(1645756311414)/",
        "Children": [
            
        ],
        "DueDateTime": null,
        "CreatedDate": "/Date(1645710364907)/",
        "LastCheckedDate": null,
        "LastUpdatedDate": "/Date(1645710679283)/",
        "Deleted": false,
        "Notes": "",
        "InHistory": false,
        "SyncClientCreationId": null,
        "DueTimeSpecified": true,
        "OwnerId": 701882
    },
    {
        "Id": 11002954,
        "Content": "RodrigoVItemExternal",
        "ItemType": 1,
        "Checked": false,
        "ProjectId": null,
        "ParentId": null,
        "Path": "",
        "Collapsed": false,
        "DateString": null,
        "DateStringPriority": 0,
        "DueDate": "",
        "Recurrence": null,
        "ItemOrder": null,
        "Priority": 4,
        "LastSyncedDateTime": "/Date(1645756311414)/",
        "Children": [
            
        ],
        "DueDateTime": null,
        "CreatedDate": "/Date(1645710489093)/",
        "LastCheckedDate": null,
        "LastUpdatedDate": "/Date(1645710489110)/",
        "Deleted": false,
        "Notes": "",
        "InHistory": false,
        "SyncClientCreationId": null,
        "DueTimeSpecified": true,
        "OwnerId": 701882
    },
    {
        "Id": 11002955,
        "Content": "RodrigoVItemJSON",
        "ItemType": 1,
        "Checked": false,
        "ProjectId": null,
        "ParentId": null,
        "Path": "",
        "Collapsed": false,
        "DateString": null,
        "DateStringPriority": 0,
        "DueDate": "",
        "Recurrence": null,
        "ItemOrder": null,
        "Priority": 4,
        "LastSyncedDateTime": "/Date(1645756311414)/",
        "Children": [
            
        ],
        "DueDateTime": null,
        "CreatedDate": "/Date(1645710490357)/",
        "LastCheckedDate": null,
        "LastUpdatedDate": "/Date(1645710490357)/",
        "Deleted": false,
        "Notes": "",
        "InHistory": false,
        "SyncClientCreationId": null,
        "DueTimeSpecified": true,
        "OwnerId": 701882
    },
    {
        "Id": 11002956,
        "Content": "RodrigoItemRestAssured",
        "ItemType": 1,
        "Checked": false,
        "ProjectId": null,
        "ParentId": null,
        "Path": "",
        "Collapsed": false,
        "DateString": null,
        "DateStringPriority": 0,
        "DueDate": "",
        "Recurrence": null,
        "ItemOrder": null,
        "Priority": 4,
        "LastSyncedDateTime": "/Date(1645756311414)/",
        "Children": [
            
        ],
        "DueDateTime": null,
        "CreatedDate": "/Date(1645710491433)/",
        "LastCheckedDate": null,
        "LastUpdatedDate": "/Date(1645710491433)/",
        "Deleted": false,
        "Notes": "",
        "InHistory": false,
        "SyncClientCreationId": null,
        "DueTimeSpecified": true,
        "OwnerId": 701882
    },
    {
        "Id": 11002958,
        "Content": "RodrigoItemJSON",
        "ItemType": 1,
        "Checked": true,
        "ProjectId": null,
        "ParentId": null,
        "Path": "",
        "Collapsed": false,
        "DateString": null,
        "DateStringPriority": 0,
        "DueDate": "",
        "Recurrence": null,
        "ItemOrder": null,
        "Priority": 4,
        "LastSyncedDateTime": "/Date(1645756311414)/",
        "Children": [
            
        ],
        "DueDateTime": null,
        "CreatedDate": "/Date(1645710754987)/",
        "LastCheckedDate": "/Date(1645710758090)/",
        "LastUpdatedDate": "/Date(1645710758090)/",
        "Deleted": false,
        "Notes": "",
        "InHistory": true,
        "SyncClientCreationId": null,
        "DueTimeSpecified": true,
        "OwnerId": 701882
    },
    {
        "Id": 11002959,
        "Content": "RodrigoItemJSON",
        "ItemType": 1,
        "Checked": true,
        "ProjectId": null,
        "ParentId": null,
        "Path": "",
        "Collapsed": false,
        "DateString": null,
        "DateStringPriority": 0,
        "DueDate": "",
        "Recurrence": null,
        "ItemOrder": null,
        "Priority": 4,
        "LastSyncedDateTime": "/Date(1645756311414)/",
        "Children": [
            
        ],
        "DueDateTime": null,
        "CreatedDate": "/Date(1645710815497)/",
        "LastCheckedDate": "/Date(1645710818820)/",
        "LastUpdatedDate": "/Date(1645710818820)/",
        "Deleted": false,
        "Notes": "",
        "InHistory": true,
        "SyncClientCreationId": null,
        "DueTimeSpecified": true,
        "OwnerId": 701882
    },
    {
        "Id": 11002962,
        "Content": "LucianoItem",
        "ItemType": 1,
        "Checked": false,
        "ProjectId": null,
        "ParentId": null,
        "Path": "",
        "Collapsed": false,
        "DateString": null,
        "DateStringPriority": 0,
        "DueDate": "",
        "Recurrence": null,
        "ItemOrder": null,
        "Priority": 4,
        "LastSyncedDateTime": "/Date(1645756311414)/",
        "Children": [
            
        ],
        "DueDateTime": null,
        "CreatedDate": "/Date(1645710945223)/",
        "LastCheckedDate": null,
        "LastUpdatedDate": "/Date(1645710945223)/",
        "Deleted": false,
        "Notes": "",
        "InHistory": false,
        "SyncClientCreationId": null,
        "DueTimeSpecified": true,
        "OwnerId": 701882
    },
    {
        "Id": 11002963,
        "Content": "LucianoItem",
        "ItemType": 1,
        "Checked": false,
        "ProjectId": null,
        "ParentId": null,
        "Path": "",
        "Collapsed": false,
        "DateString": null,
        "DateStringPriority": 0,
        "DueDate": "",
        "Recurrence": null,
        "ItemOrder": null,
        "Priority": 4,
        "LastSyncedDateTime": "/Date(1645756311414)/",
        "Children": [
            
        ],
        "DueDateTime": null,
        "CreatedDate": "/Date(1645710946593)/",
        "LastCheckedDate": null,
        "LastUpdatedDate": "/Date(1645710946593)/",
        "Deleted": false,
        "Notes": "",
        "InHistory": false,
        "SyncClientCreationId": null,
        "DueTimeSpecified": true,
        "OwnerId": 701882
    },
    {
        "Id": 11002964,
        "Content": "RodrigoCRUDItemJSON",
        "ItemType": 1,
        "Checked": true,
        "ProjectId": null,
        "ParentId": null,
        "Path": "",
        "Collapsed": false,
        "DateString": null,
        "DateStringPriority": 0,
        "DueDate": "",
        "Recurrence": null,
        "ItemOrder": null,
        "Priority": 4,
        "LastSyncedDateTime": "/Date(1645756311414)/",
        "Children": [
            
        ],
        "DueDateTime": null,
        "CreatedDate": "/Date(1645710947670)/",
        "LastCheckedDate": "/Date(1645710950620)/",
        "LastUpdatedDate": "/Date(1645710950620)/",
        "Deleted": false,
        "Notes": "",
        "InHistory": true,
        "SyncClientCreationId": null,
        "DueTimeSpecified": true,
        "OwnerId": 701882
    },
    {
        "Id": 11002965,
        "Content": "LucianoRestAssuredItem",
        "ItemType": 1,
        "Checked": false,
        "ProjectId": null,
        "ParentId": null,
        "Path": "",
        "Collapsed": false,
        "DateString": null,
        "DateStringPriority": 0,
        "DueDate": "",
        "Recurrence": null,
        "ItemOrder": null,
        "Priority": 4,
        "LastSyncedDateTime": "/Date(1645756311414)/",
        "Children": [
            
        ],
        "DueDateTime": null,
        "CreatedDate": "/Date(1645710947670)/",
        "LastCheckedDate": null,
        "LastUpdatedDate": "/Date(1645710947687)/",
        "Deleted": false,
        "Notes": "",
        "InHistory": false,
        "SyncClientCreationId": null,
        "DueTimeSpecified": true,
        "OwnerId": 701882
    },
    {
        "Id": 11003003,
        "Content": "KenCRUDItem",
        "ItemType": 1,
        "Checked": true,
        "ProjectId": null,
        "ParentId": null,
        "Path": "",
        "Collapsed": false,
        "DateString": null,
        "DateStringPriority": 0,
        "DueDate": "",
        "Recurrence": null,
        "ItemOrder": null,
        "Priority": 4,
        "LastSyncedDateTime": "/Date(1645756311414)/",
        "Children": [
            
        ],
        "DueDateTime": null,
        "CreatedDate": "/Date(1645715379940)/",
        "LastCheckedDate": "/Date(1645716433933)/",
        "LastUpdatedDate": "/Date(1645716433933)/",
        "Deleted": false,
        "Notes": "",
        "InHistory": true,
        "SyncClientCreationId": null,
        "DueTimeSpecified": true,
        "OwnerId": 701882
    },
    {
        "Id": 11003004,
        "Content": "KenItemOne",
        "ItemType": 1,
        "Checked": true,
        "ProjectId": null,
        "ParentId": null,
        "Path": "",
        "Collapsed": false,
        "DateString": null,
        "DateStringPriority": 0,
        "DueDate": "",
        "Recurrence": null,
        "ItemOrder": null,
        "Priority": 4,
        "LastSyncedDateTime": "/Date(1645756311414)/",
        "Children": [
            
        ],
        "DueDateTime": null,
        "CreatedDate": "/Date(1645715382340)/",
        "LastCheckedDate": "/Date(1645716434653)/",
        "LastUpdatedDate": "/Date(1645716434653)/",
        "Deleted": false,
        "Notes": "",
        "InHistory": true,
        "SyncClientCreationId": null,
        "DueTimeSpecified": true,
        "OwnerId": 701882
    },
    {
        "Id": 11003066,
        "Content": "AlejandraItem",
        "ItemType": 1,
        "Checked": false,
        "ProjectId": null,
        "ParentId": null,
        "Path": "",
        "Collapsed": false,
        "DateString": null,
        "DateStringPriority": 0,
        "DueDate": "",
        "Recurrence": null,
        "ItemOrder": null,
        "Priority": 4,
        "LastSyncedDateTime": "/Date(1645756311414)/",
        "Children": [
            
        ],
        "DueDateTime": null,
        "CreatedDate": "/Date(1645718349803)/",
        "LastCheckedDate": null,
        "LastUpdatedDate": "/Date(1645718349803)/",
        "Deleted": false,
        "Notes": "",
        "InHistory": false,
        "SyncClientCreationId": null,
        "DueTimeSpecified": true,
        "OwnerId": 701882
    },
    {
        "Id": 11003067,
        "Content": "AlejandraRestAssuredItem",
        "ItemType": 1,
        "Checked": false,
        "ProjectId": null,
        "ParentId": null,
        "Path": "",
        "Collapsed": false,
        "DateString": null,
        "DateStringPriority": 0,
        "DueDate": "",
        "Recurrence": null,
        "ItemOrder": null,
        "Priority": 4,
        "LastSyncedDateTime": "/Date(1645756311414)/",
        "Children": [
            
        ],
        "DueDateTime": null,
        "CreatedDate": "/Date(1645718351050)/",
        "LastCheckedDate": null,
        "LastUpdatedDate": "/Date(1645718351050)/",
        "Deleted": false,
        "Notes": "",
        "InHistory": false,
        "SyncClientCreationId": null,
        "DueTimeSpecified": true,
        "OwnerId": 701882
    },
    {
        "Id": 11003068,
        "Content": "AlejandraJSONItem",
        "ItemType": 1,
        "Checked": false,
        "ProjectId": null,
        "ParentId": null,
        "Path": "",
        "Collapsed": false,
        "DateString": null,
        "DateStringPriority": 0,
        "DueDate": "",
        "Recurrence": null,
        "ItemOrder": null,
        "Priority": 4,
        "LastSyncedDateTime": "/Date(1645756311414)/",
        "Children": [
            
        ],
        "DueDateTime": null,
        "CreatedDate": "/Date(1645718352140)/",
        "LastCheckedDate": null,
        "LastUpdatedDate": "/Date(1645718352140)/",
        "Deleted": false,
        "Notes": "",
        "InHistory": false,
        "SyncClientCreationId": null,
        "DueTimeSpecified": true,
        "OwnerId": 701882
    },
    {
        "Id": 11003085,
        "Content": "AlejandraItem",
        "ItemType": 1,
        "Checked": false,
        "ProjectId": null,
        "ParentId": null,
        "Path": "",
        "Collapsed": false,
        "DateString": null,
        "DateStringPriority": 0,
        "DueDate": "",
        "Recurrence": null,
        "ItemOrder": null,
        "Priority": 4,
        "LastSyncedDateTime": "/Date(1645756311414)/",
        "Children": [
            
        ],
        "DueDateTime": null,
        "CreatedDate": "/Date(1645718940010)/",
        "LastCheckedDate": null,
        "LastUpdatedDate": "/Date(1645718940010)/",
        "Deleted": false,
        "Notes": "",
        "InHistory": false,
        "SyncClientCreationId": null,
        "DueTimeSpecified": true,
        "OwnerId": 701882
    },
    {
        "Id": 11003097,
        "Content": "AlejandraItem",
        "ItemType": 1,
        "Checked": false,
        "ProjectId": null,
        "ParentId": null,
        "Path": "",
        "Collapsed": false,
        "DateString": null,
        "DateStringPriority": 0,
        "DueDate": "",
        "Recurrence": null,
        "ItemOrder": null,
        "Priority": 4,
        "LastSyncedDateTime": "/Date(1645756311414)/",
        "Children": [
            
        ],
        "DueDateTime": null,
        "CreatedDate": "/Date(1645719121977)/",
        "LastCheckedDate": null,
        "LastUpdatedDate": "/Date(1645719121977)/",
        "Deleted": false,
        "Notes": "",
        "InHistory": false,
        "SyncClientCreationId": null,
        "DueTimeSpecified": true,
        "OwnerId": 701882
    },
    {
        "Id": 11003122,
        "Content": "New Item",
        "ItemType": 1,
        "Checked": false,
        "ProjectId": null,
        "ParentId": null,
        "Path": "",
        "Collapsed": false,
        "DateString": null,
        "DateStringPriority": 0,
        "DueDate": "",
        "Recurrence": null,
        "ItemOrder": null,
        "Priority": 4,
        "LastSyncedDateTime": "/Date(1645756311414)/",
        "Children": [
            
        ],
        "DueDateTime": null,
        "CreatedDate": "/Date(1645725275867)/",
        "LastCheckedDate": null,
        "LastUpdatedDate": "/Date(1645725275867)/",
        "Deleted": false,
        "Notes": "",
        "InHistory": false,
        "SyncClientCreationId": null,
        "DueTimeSpecified": true,
        "OwnerId": 701882
    },
    {
        "Id": 11003147,
        "Content": "New Item",
        "ItemType": 1,
        "Checked": false,
        "ProjectId": null,
        "ParentId": null,
        "Path": "",
        "Collapsed": false,
        "DateString": null,
        "DateStringPriority": 0,
        "DueDate": "",
        "Recurrence": null,
        "ItemOrder": null,
        "Priority": 4,
        "LastSyncedDateTime": "/Date(1645756311414)/",
        "Children": [
            
        ],
        "DueDateTime": null,
        "CreatedDate": "/Date(1645728144583)/",
        "LastCheckedDate": null,
        "LastUpdatedDate": "/Date(1645728144583)/",
        "Deleted": false,
        "Notes": "",
        "InHistory": false,
        "SyncClientCreationId": null,
        "DueTimeSpecified": true,
        "OwnerId": 701882
    },
    {
        "Id": 11003175,
        "Content": "NewItem",
        "ItemType": 1,
        "Checked": false,
        "ProjectId": null,
        "ParentId": null,
        "Path": "",
        "Collapsed": false,
        "DateString": null,
        "DateStringPriority": 0,
        "DueDate": "",
        "Recurrence": null,
        "ItemOrder": null,
        "Priority": 4,
        "LastSyncedDateTime": "/Date(1645756311414)/",
        "Children": [
            
        ],
        "DueDateTime": null,
        "CreatedDate": "/Date(1645732833557)/",
        "LastCheckedDate": null,
        "LastUpdatedDate": "/Date(1645732833570)/",
        "Deleted": false,
        "Notes": "",
        "InHistory": false,
        "SyncClientCreationId": null,
        "DueTimeSpecified": true,
        "OwnerId": 701882
    },
    {
        "Id": 11003176,
        "Content": "NewItem",
        "ItemType": 1,
        "Checked": false,
        "ProjectId": null,
        "ParentId": null,
        "Path": "",
        "Collapsed": false,
        "DateString": null,
        "DateStringPriority": 0,
        "DueDate": "",
        "Recurrence": null,
        "ItemOrder": null,
        "Priority": 4,
        "LastSyncedDateTime": "/Date(1645756311414)/",
        "Children": [
            
        ],
        "DueDateTime": null,
        "CreatedDate": "/Date(1645732885970)/",
        "LastCheckedDate": null,
        "LastUpdatedDate": "/Date(1645732885987)/",
        "Deleted": false,
        "Notes": "",
        "InHistory": false,
        "SyncClientCreationId": null,
        "DueTimeSpecified": true,
        "OwnerId": 701882
    },
    {
        "Id": 11003190,
        "Content": "JoelItem1",
        "ItemType": 1,
        "Checked": false,
        "ProjectId": null,
        "ParentId": null,
        "Path": "",
        "Collapsed": false,
        "DateString": null,
        "DateStringPriority": 0,
        "DueDate": "",
        "Recurrence": null,
        "ItemOrder": null,
        "Priority": 4,
        "LastSyncedDateTime": "/Date(1645756311414)/",
        "Children": [
            
        ],
        "DueDateTime": null,
        "CreatedDate": "/Date(1645736239533)/",
        "LastCheckedDate": null,
        "LastUpdatedDate": "/Date(1645736239533)/",
        "Deleted": false,
        "Notes": "",
        "InHistory": false,
        "SyncClientCreationId": null,
        "DueTimeSpecified": true,
        "OwnerId": 701882
    },
    {
        "Id": 11003193,
        "Content": "JoelItemJSONobject",
        "ItemType": 1,
        "Checked": false,
        "ProjectId": null,
        "ParentId": null,
        "Path": "",
        "Collapsed": false,
        "DateString": null,
        "DateStringPriority": 0,
        "DueDate": "",
        "Recurrence": null,
        "ItemOrder": null,
        "Priority": 4,
        "LastSyncedDateTime": "/Date(1645756311414)/",
        "Children": [
            
        ],
        "DueDateTime": null,
        "CreatedDate": "/Date(1645736275240)/",
        "LastCheckedDate": null,
        "LastUpdatedDate": "/Date(1645736275240)/",
        "Deleted": false,
        "Notes": "",
        "InHistory": false,
        "SyncClientCreationId": null,
        "DueTimeSpecified": true,
        "OwnerId": 701882
    },
    {
        "Id": 11003195,
        "Content": "JoelExternal",
        "ItemType": 1,
        "Checked": false,
        "ProjectId": null,
        "ParentId": null,
        "Path": "",
        "Collapsed": false,
        "DateString": null,
        "DateStringPriority": 0,
        "DueDate": "",
        "Recurrence": null,
        "ItemOrder": null,
        "Priority": 4,
        "LastSyncedDateTime": "/Date(1645756311414)/",
        "Children": [
            
        ],
        "DueDateTime": null,
        "CreatedDate": "/Date(1645736350587)/",
        "LastCheckedDate": null,
        "LastUpdatedDate": "/Date(1645736350587)/",
        "Deleted": false,
        "Notes": "",
        "InHistory": false,
        "SyncClientCreationId": null,
        "DueTimeSpecified": true,
        "OwnerId": 701882
    },
    {
        "Id": 11003196,
        "Content": "JoelItemCreate",
        "ItemType": 1,
        "Checked": false,
        "ProjectId": null,
        "ParentId": null,
        "Path": "",
        "Collapsed": false,
        "DateString": null,
        "DateStringPriority": 0,
        "DueDate": "",
        "Recurrence": null,
        "ItemOrder": null,
        "Priority": 4,
        "LastSyncedDateTime": "/Date(1645756311414)/",
        "Children": [
            
        ],
        "DueDateTime": null,
        "CreatedDate": "/Date(1645736423543)/",
        "LastCheckedDate": null,
        "LastUpdatedDate": "/Date(1645736423543)/",
        "Deleted": false,
        "Notes": "",
        "InHistory": false,
        "SyncClientCreationId": null,
        "DueTimeSpecified": true,
        "OwnerId": 701882
    },
    {
        "Id": 11003197,
        "Content": "JoelItemRead",
        "ItemType": 1,
        "Checked": false,
        "ProjectId": null,
        "ParentId": null,
        "Path": "",
        "Collapsed": false,
        "DateString": null,
        "DateStringPriority": 0,
        "DueDate": "",
        "Recurrence": null,
        "ItemOrder": null,
        "Priority": 4,
        "LastSyncedDateTime": "/Date(1645756311414)/",
        "Children": [
            
        ],
        "DueDateTime": null,
        "CreatedDate": "/Date(1645736486487)/",
        "LastCheckedDate": null,
        "LastUpdatedDate": "/Date(1645736486487)/",
        "Deleted": false,
        "Notes": "",
        "InHistory": false,
        "SyncClientCreationId": null,
        "DueTimeSpecified": true,
        "OwnerId": 701882
    },
    {
        "Id": 11003198,
        "Content": "JoelItem",
        "ItemType": 1,
        "Checked": false,
        "ProjectId": null,
        "ParentId": null,
        "Path": "",
        "Collapsed": false,
        "DateString": null,
        "DateStringPriority": 0,
        "DueDate": "",
        "Recurrence": null,
        "ItemOrder": null,
        "Priority": 4,
        "LastSyncedDateTime": "/Date(1645756311414)/",
        "Children": [
            
        ],
        "DueDateTime": null,
        "CreatedDate": "/Date(1645736520247)/",
        "LastCheckedDate": null,
        "LastUpdatedDate": "/Date(1645736520247)/",
        "Deleted": false,
        "Notes": "",
        "InHistory": false,
        "SyncClientCreationId": null,
        "DueTimeSpecified": true,
        "OwnerId": 701882
    },
    {
        "Id": 11003199,
        "Content": "JoelItemUpdate",
        "ItemType": 1,
        "Checked": false,
        "ProjectId": null,
        "ParentId": null,
        "Path": "",
        "Collapsed": false,
        "DateString": null,
        "DateStringPriority": 0,
        "DueDate": "",
        "Recurrence": null,
        "ItemOrder": null,
        "Priority": 4,
        "LastSyncedDateTime": "/Date(1645756311414)/",
        "Children": [
            
        ],
        "DueDateTime": null,
        "CreatedDate": "/Date(1645736550213)/",
        "LastCheckedDate": null,
        "LastUpdatedDate": "/Date(1645736550213)/",
        "Deleted": false,
        "Notes": "",
        "InHistory": false,
        "SyncClientCreationId": null,
        "DueTimeSpecified": true,
        "OwnerId": 701882
    },
    {
        "Id": 11003201,
        "Content": "JoelItem",
        "ItemType": 1,
        "Checked": false,
        "ProjectId": null,
        "ParentId": null,
        "Path": "",
        "Collapsed": false,
        "DateString": null,
        "DateStringPriority": 0,
        "DueDate": "",
        "Recurrence": null,
        "ItemOrder": null,
        "Priority": 4,
        "LastSyncedDateTime": "/Date(1645756311414)/",
        "Children": [
            
        ],
        "DueDateTime": null,
        "CreatedDate": "/Date(1645736588243)/",
        "LastCheckedDate": null,
        "LastUpdatedDate": "/Date(1645736588243)/",
        "Deleted": false,
        "Notes": "",
        "InHistory": false,
        "SyncClientCreationId": null,
        "DueTimeSpecified": true,
        "OwnerId": 701882
    },
    {
        "Id": 11003202,
        "Content": "JoelItemRead",
        "ItemType": 1,
        "Checked": false,
        "ProjectId": null,
        "ParentId": null,
        "Path": "",
        "Collapsed": false,
        "DateString": null,
        "DateStringPriority": 0,
        "DueDate": "",
        "Recurrence": null,
        "ItemOrder": null,
        "Priority": 4,
        "LastSyncedDateTime": "/Date(1645756311414)/",
        "Children": [
            
        ],
        "DueDateTime": null,
        "CreatedDate": "/Date(1645736620287)/",
        "LastCheckedDate": null,
        "LastUpdatedDate": "/Date(1645736620287)/",
        "Deleted": false,
        "Notes": "",
        "InHistory": false,
        "SyncClientCreationId": null,
        "DueTimeSpecified": true,
        "OwnerId": 701882
    },
    {
        "Id": 11003203,
        "Content": "JoelItemUpdate",
        "ItemType": 1,
        "Checked": false,
        "ProjectId": null,
        "ParentId": null,
        "Path": "",
        "Collapsed": false,
        "DateString": null,
        "DateStringPriority": 0,
        "DueDate": "",
        "Recurrence": null,
        "ItemOrder": null,
        "Priority": 4,
        "LastSyncedDateTime": "/Date(1645756311414)/",
        "Children": [
            
        ],
        "DueDateTime": null,
        "CreatedDate": "/Date(1645736647240)/",
        "LastCheckedDate": null,
        "LastUpdatedDate": "/Date(1645736647240)/",
        "Deleted": false,
        "Notes": "",
        "InHistory": false,
        "SyncClientCreationId": null,
        "DueTimeSpecified": true,
        "OwnerId": 701882
    },
    {
        "Id": 11003204,
        "Content": "JoelItemUpdate",
        "ItemType": 1,
        "Checked": false,
        "ProjectId": null,
        "ParentId": null,
        "Path": "",
        "Collapsed": false,
        "DateString": null,
        "DateStringPriority": 0,
        "DueDate": "",
        "Recurrence": null,
        "ItemOrder": null,
        "Priority": 4,
        "LastSyncedDateTime": "/Date(1645756311414)/",
        "Children": [
            
        ],
        "DueDateTime": null,
        "CreatedDate": "/Date(1645736674307)/",
        "LastCheckedDate": null,
        "LastUpdatedDate": "/Date(1645736674307)/",
        "Deleted": false,
        "Notes": "",
        "InHistory": false,
        "SyncClientCreationId": null,
        "DueTimeSpecified": true,
        "OwnerId": 701882
    },
    {
        "Id": 11003206,
        "Content": "JoelItemCreate",
        "ItemType": 1,
        "Checked": false,
        "ProjectId": null,
        "ParentId": null,
        "Path": "",
        "Collapsed": false,
        "DateString": null,
        "DateStringPriority": 0,
        "DueDate": "",
        "Recurrence": null,
        "ItemOrder": null,
        "Priority": 4,
        "LastSyncedDateTime": "/Date(1645756311414)/",
        "Children": [
            
        ],
        "DueDateTime": null,
        "CreatedDate": "/Date(1645736725410)/",
        "LastCheckedDate": null,
        "LastUpdatedDate": "/Date(1645736725410)/",
        "Deleted": false,
        "Notes": "",
        "InHistory": false,
        "SyncClientCreationId": null,
        "DueTimeSpecified": true,
        "OwnerId": 701882
    },
    {
        "Id": 11003207,
        "Content": "JoelItemRead",
        "ItemType": 1,
        "Checked": false,
        "ProjectId": null,
        "ParentId": null,
        "Path": "",
        "Collapsed": false,
        "DateString": null,
        "DateStringPriority": 0,
        "DueDate": "",
        "Recurrence": null,
        "ItemOrder": null,
        "Priority": 4,
        "LastSyncedDateTime": "/Date(1645756311414)/",
        "Children": [
            
        ],
        "DueDateTime": null,
        "CreatedDate": "/Date(1645736727453)/",
        "LastCheckedDate": null,
        "LastUpdatedDate": "/Date(1645736727453)/",
        "Deleted": false,
        "Notes": "",
        "InHistory": false,
        "SyncClientCreationId": null,
        "DueTimeSpecified": true,
        "OwnerId": 701882
    },
    {
        "Id": 11003208,
        "Content": "JoelExternal",
        "ItemType": 1,
        "Checked": false,
        "ProjectId": null,
        "ParentId": null,
        "Path": "",
        "Collapsed": false,
        "DateString": null,
        "DateStringPriority": 0,
        "DueDate": "",
        "Recurrence": null,
        "ItemOrder": null,
        "Priority": 4,
        "LastSyncedDateTime": "/Date(1645756311414)/",
        "Children": [
            
        ],
        "DueDateTime": null,
        "CreatedDate": "/Date(1645736729857)/",
        "LastCheckedDate": null,
        "LastUpdatedDate": "/Date(1645736729857)/",
        "Deleted": false,
        "Notes": "",
        "InHistory": false,
        "SyncClientCreationId": null,
        "DueTimeSpecified": true,
        "OwnerId": 701882
    },
    {
        "Id": 11003209,
        "Content": "JoelItemUpdate",
        "ItemType": 1,
        "Checked": false,
        "ProjectId": null,
        "ParentId": null,
        "Path": "",
        "Collapsed": false,
        "DateString": null,
        "DateStringPriority": 0,
        "DueDate": "",
        "Recurrence": null,
        "ItemOrder": null,
        "Priority": 4,
        "LastSyncedDateTime": "/Date(1645756311414)/",
        "Children": [
            
        ],
        "DueDateTime": null,
        "CreatedDate": "/Date(1645736730917)/",
        "LastCheckedDate": null,
        "LastUpdatedDate": "/Date(1645736730917)/",
        "Deleted": false,
        "Notes": "",
        "InHistory": false,
        "SyncClientCreationId": null,
        "DueTimeSpecified": true,
        "OwnerId": 701882
    },
    {
        "Id": 11003211,
        "Content": "JoelItem1",
        "ItemType": 1,
        "Checked": false,
        "ProjectId": null,
        "ParentId": null,
        "Path": "",
        "Collapsed": false,
        "DateString": null,
        "DateStringPriority": 0,
        "DueDate": "",
        "Recurrence": null,
        "ItemOrder": null,
        "Priority": 4,
        "LastSyncedDateTime": "/Date(1645756311414)/",
        "Children": [
            
        ],
        "DueDateTime": null,
        "CreatedDate": "/Date(1645736736500)/",
        "LastCheckedDate": null,
        "LastUpdatedDate": "/Date(1645736736500)/",
        "Deleted": false,
        "Notes": "",
        "InHistory": false,
        "SyncClientCreationId": null,
        "DueTimeSpecified": true,
        "OwnerId": 701882
    },
    {
        "Id": 11003212,
        "Content": "JoelItemJSONobject",
        "ItemType": 1,
        "Checked": false,
        "ProjectId": null,
        "ParentId": null,
        "Path": "",
        "Collapsed": false,
        "DateString": null,
        "DateStringPriority": 0,
        "DueDate": "",
        "Recurrence": null,
        "ItemOrder": null,
        "Priority": 4,
        "LastSyncedDateTime": "/Date(1645756311414)/",
        "Children": [
            
        ],
        "DueDateTime": null,
        "CreatedDate": "/Date(1645736737670)/",
        "LastCheckedDate": null,
        "LastUpdatedDate": "/Date(1645736737670)/",
        "Deleted": false,
        "Notes": "",
        "InHistory": false,
        "SyncClientCreationId": null,
        "DueTimeSpecified": true,
        "OwnerId": 701882
    },
    {
        "Id": 11003214,
        "Content": "JoelPostman",
        "ItemType": 1,
        "Checked": false,
        "ProjectId": null,
        "ParentId": null,
        "Path": "",
        "Collapsed": false,
        "DateString": null,
        "DateStringPriority": 0,
        "DueDate": "",
        "Recurrence": null,
        "ItemOrder": null,
        "Priority": 4,
        "LastSyncedDateTime": "/Date(1645756311414)/",
        "Children": [
            
        ],
        "DueDateTime": null,
        "CreatedDate": "/Date(1645737620370)/",
        "LastCheckedDate": null,
        "LastUpdatedDate": "/Date(1645737620370)/",
        "Deleted": false,
        "Notes": "",
        "InHistory": false,
        "SyncClientCreationId": null,
        "DueTimeSpecified": true,
        "OwnerId": 701882
    },
    {
        "Id": 11003232,
        "Content": "EynarJSON",
        "ItemType": 1,
        "Checked": false,
        "ProjectId": null,
        "ParentId": null,
        "Path": "",
        "Collapsed": false,
        "DateString": null,
        "DateStringPriority": 0,
        "DueDate": "",
        "Recurrence": null,
        "ItemOrder": null,
        "Priority": 4,
        "LastSyncedDateTime": "/Date(1645756311414)/",
        "Children": [
            
        ],
        "DueDateTime": null,
        "CreatedDate": "/Date(1645743090580)/",
        "LastCheckedDate": null,
        "LastUpdatedDate": "/Date(1645743090580)/",
        "Deleted": false,
        "Notes": "",
        "InHistory": false,
        "SyncClientCreationId": null,
        "DueTimeSpecified": true,
        "OwnerId": 701882
    },
    {
        "Id": 11003233,
        "Content": "mi item",
        "ItemType": 1,
        "Checked": false,
        "ProjectId": null,
        "ParentId": null,
        "Path": "",
        "Collapsed": false,
        "DateString": null,
        "DateStringPriority": 0,
        "DueDate": "",
        "Recurrence": null,
        "ItemOrder": null,
        "Priority": 4,
        "LastSyncedDateTime": "/Date(1645756311414)/",
        "Children": [
            
        ],
        "DueDateTime": null,
        "CreatedDate": "/Date(1645743179717)/",
        "LastCheckedDate": null,
        "LastUpdatedDate": "/Date(1645743179717)/",
        "Deleted": false,
        "Notes": "",
        "InHistory": false,
        "SyncClientCreationId": null,
        "DueTimeSpecified": true,
        "OwnerId": 701882
    },
    {
        "Id": 11003238,
        "Content": "mi item",
        "ItemType": 1,
        "Checked": false,
        "ProjectId": null,
        "ParentId": null,
        "Path": "",
        "Collapsed": false,
        "DateString": null,
        "DateStringPriority": 0,
        "DueDate": "",
        "Recurrence": null,
        "ItemOrder": null,
        "Priority": 4,
        "LastSyncedDateTime": "/Date(1645756311414)/",
        "Children": [
            
        ],
        "DueDateTime": null,
        "CreatedDate": "/Date(1645743526710)/",
        "LastCheckedDate": null,
        "LastUpdatedDate": "/Date(1645743526710)/",
        "Deleted": false,
        "Notes": "",
        "InHistory": false,
        "SyncClientCreationId": null,
        "DueTimeSpecified": true,
        "OwnerId": 701882
    },
    {
        "Id": 11003263,
        "Content": "Item_1-VargasSantiagoUpdate",
        "ItemType": 1,
        "Checked": true,
        "ProjectId": null,
        "ParentId": null,
        "Path": "",
        "Collapsed": false,
        "DateString": null,
        "DateStringPriority": 0,
        "DueDate": "",
        "Recurrence": null,
        "ItemOrder": null,
        "Priority": 4,
        "LastSyncedDateTime": "/Date(1645756311414)/",
        "Children": [
            
        ],
        "DueDateTime": null,
        "CreatedDate": "/Date(1645753868707)/",
        "LastCheckedDate": "/Date(1645754588950)/",
        "LastUpdatedDate": "/Date(1645754588950)/",
        "Deleted": false,
        "Notes": "",
        "InHistory": true,
        "SyncClientCreationId": null,
        "DueTimeSpecified": true,
        "OwnerId": 701882
    },
    {
        "Id": 11003267,
        "Content": "Item_1-VargasSantiago",
        "ItemType": 1,
        "Checked": false,
        "ProjectId": null,
        "ParentId": null,
        "Path": "",
        "Collapsed": false,
        "DateString": null,
        "DateStringPriority": 0,
        "DueDate": "",
        "Recurrence": null,
        "ItemOrder": null,
        "Priority": 4,
        "LastSyncedDateTime": "/Date(1645756311414)/",
        "Children": [
            
        ],
        "DueDateTime": null,
        "CreatedDate": "/Date(1645754381897)/",
        "LastCheckedDate": null,
        "LastUpdatedDate": "/Date(1645754381897)/",
        "Deleted": false,
        "Notes": "",
        "InHistory": false,
        "SyncClientCreationId": null,
        "DueTimeSpecified": true,
        "OwnerId": 701882
    },
    {
        "Id": 11003268,
        "Content": "Item_2-VargasSantiago",
        "ItemType": 1,
        "Checked": false,
        "ProjectId": null,
        "ParentId": null,
        "Path": "",
        "Collapsed": false,
        "DateString": null,
        "DateStringPriority": 0,
        "DueDate": "",
        "Recurrence": null,
        "ItemOrder": null,
        "Priority": 4,
        "LastSyncedDateTime": "/Date(1645756311414)/",
        "Children": [
            
        ],
        "DueDateTime": null,
        "CreatedDate": "/Date(1645754442050)/",
        "LastCheckedDate": null,
        "LastUpdatedDate": "/Date(1645754442050)/",
        "Deleted": false,
        "Notes": "",
        "InHistory": false,
        "SyncClientCreationId": null,
        "DueTimeSpecified": true,
        "OwnerId": 701882
    },
    {
        "Id": 11003276,
        "Content": "Item_5-VargasSantiago",
        "ItemType": 1,
        "Checked": false,
        "ProjectId": null,
        "ParentId": null,
        "Path": "",
        "Collapsed": false,
        "DateString": null,
        "DateStringPriority": 0,
        "DueDate": "",
        "Recurrence": null,
        "ItemOrder": null,
        "Priority": 4,
        "LastSyncedDateTime": "/Date(1645756311414)/",
        "Children": [
            
        ],
        "DueDateTime": null,
        "CreatedDate": "/Date(1645754710440)/",
        "LastCheckedDate": null,
        "LastUpdatedDate": "/Date(1645754710440)/",
        "Deleted": false,
        "Notes": "",
        "InHistory": false,
        "SyncClientCreationId": null,
        "DueTimeSpecified": true,
        "OwnerId": 701882
    },
    {
        "Id": 11003286,
        "Content": "ErickItem",
        "ItemType": 1,
        "Checked": false,
        "ProjectId": null,
        "ParentId": null,
        "Path": "",
        "Collapsed": false,
        "DateString": null,
        "DateStringPriority": 0,
        "DueDate": "",
        "Recurrence": null,
        "ItemOrder": null,
        "Priority": 4,
        "LastSyncedDateTime": "/Date(1645756311414)/",
        "Children": [
            
        ],
        "DueDateTime": null,
        "CreatedDate": "/Date(1645755345587)/",
        "LastCheckedDate": null,
        "LastUpdatedDate": "/Date(1645755345587)/",
        "Deleted": false,
        "Notes": "",
        "InHistory": false,
        "SyncClientCreationId": null,
        "DueTimeSpecified": true,
        "OwnerId": 701882
    },
    {
        "Id": 11003287,
        "Content": "ErickItem2",
        "ItemType": 1,
        "Checked": false,
        "ProjectId": null,
        "ParentId": null,
        "Path": "",
        "Collapsed": false,
        "DateString": null,
        "DateStringPriority": 0,
        "DueDate": "",
        "Recurrence": null,
        "ItemOrder": null,
        "Priority": 4,
        "LastSyncedDateTime": "/Date(1645756311414)/",
        "Children": [
            
        ],
        "DueDateTime": null,
        "CreatedDate": "/Date(1645755428187)/",
        "LastCheckedDate": null,
        "LastUpdatedDate": "/Date(1645755428187)/",
        "Deleted": false,
        "Notes": "",
        "InHistory": false,
        "SyncClientCreationId": null,
        "DueTimeSpecified": true,
        "OwnerId": 701882
    },
    {
        "Id": 11003288,
        "Content": "ErickItem2",
        "ItemType": 1,
        "Checked": false,
        "ProjectId": null,
        "ParentId": null,
        "Path": "",
        "Collapsed": false,
        "DateString": null,
        "DateStringPriority": 0,
        "DueDate": "",
        "Recurrence": null,
        "ItemOrder": null,
        "Priority": 4,
        "LastSyncedDateTime": "/Date(1645756311414)/",
        "Children": [
            
        ],
        "DueDateTime": null,
        "CreatedDate": "/Date(1645755461227)/",
        "LastCheckedDate": null,
        "LastUpdatedDate": "/Date(1645755461227)/",
        "Deleted": false,
        "Notes": "",
        "InHistory": false,
        "SyncClientCreationId": null,
        "DueTimeSpecified": true,
        "OwnerId": 701882
    },
    {
        "Id": 11003289,
        "Content": "ErickItem2",
        "ItemType": 1,
        "Checked": false,
        "ProjectId": null,
        "ParentId": null,
        "Path": "",
        "Collapsed": false,
        "DateString": null,
        "DateStringPriority": 0,
        "DueDate": "",
        "Recurrence": null,
        "ItemOrder": null,
        "Priority": 4,
        "LastSyncedDateTime": "/Date(1645756311414)/",
        "Children": [
            
        ],
        "DueDateTime": null,
        "CreatedDate": "/Date(1645755683067)/",
        "LastCheckedDate": null,
        "LastUpdatedDate": "/Date(1645755683067)/",
        "Deleted": false,
        "Notes": "",
        "InHistory": false,
        "SyncClientCreationId": null,
        "DueTimeSpecified": true,
        "OwnerId": 701882
    },
    {
        "Id": 11003290,
        "Content": "ErickItem2",
        "ItemType": 1,
        "Checked": false,
        "ProjectId": null,
        "ParentId": null,
        "Path": "",
        "Collapsed": false,
        "DateString": null,
        "DateStringPriority": 0,
        "DueDate": "",
        "Recurrence": null,
        "ItemOrder": null,
        "Priority": 4,
        "LastSyncedDateTime": "/Date(1645756311414)/",
        "Children": [
            
        ],
        "DueDateTime": null,
        "CreatedDate": "/Date(1645755738477)/",
        "LastCheckedDate": null,
        "LastUpdatedDate": "/Date(1645755738477)/",
        "Deleted": false,
        "Notes": "",
        "InHistory": false,
        "SyncClientCreationId": null,
        "DueTimeSpecified": true,
        "OwnerId": 701882
    },
    {
        "Id": 11003291,
        "Content": "ErickItem2",
        "ItemType": 1,
        "Checked": false,
        "ProjectId": null,
        "ParentId": null,
        "Path": "",
        "Collapsed": false,
        "DateString": null,
        "DateStringPriority": 0,
        "DueDate": "",
        "Recurrence": null,
        "ItemOrder": null,
        "Priority": 4,
        "LastSyncedDateTime": "/Date(1645756311414)/",
        "Children": [
            
        ],
        "DueDateTime": null,
        "CreatedDate": "/Date(1645755767680)/",
        "LastCheckedDate": null,
        "LastUpdatedDate": "/Date(1645755767693)/",
        "Deleted": false,
        "Notes": "",
        "InHistory": false,
        "SyncClientCreationId": null,
        "DueTimeSpecified": true,
        "OwnerId": 701882
    },
    {
        "Id": 11003292,
        "Content": "ErickItem2",
        "ItemType": 1,
        "Checked": false,
        "ProjectId": null,
        "ParentId": null,
        "Path": "",
        "Collapsed": false,
        "DateString": null,
        "DateStringPriority": 0,
        "DueDate": "",
        "Recurrence": null,
        "ItemOrder": null,
        "Priority": 4,
        "LastSyncedDateTime": "/Date(1645756311414)/",
        "Children": [
            
        ],
        "DueDateTime": null,
        "CreatedDate": "/Date(1645755795383)/",
        "LastCheckedDate": null,
        "LastUpdatedDate": "/Date(1645755795383)/",
        "Deleted": false,
        "Notes": "",
        "InHistory": false,
        "SyncClientCreationId": null,
        "DueTimeSpecified": true,
        "OwnerId": 701882
    },
    {
        "Id": 11003293,
        "Content": "ErickItem2",
        "ItemType": 1,
        "Checked": false,
        "ProjectId": null,
        "ParentId": null,
        "Path": "",
        "Collapsed": false,
        "DateString": null,
        "DateStringPriority": 0,
        "DueDate": "",
        "Recurrence": null,
        "ItemOrder": null,
        "Priority": 4,
        "LastSyncedDateTime": "/Date(1645756311414)/",
        "Children": [
            
        ],
        "DueDateTime": null,
        "CreatedDate": "/Date(1645755824507)/",
        "LastCheckedDate": null,
        "LastUpdatedDate": "/Date(1645755824507)/",
        "Deleted": false,
        "Notes": "",
        "InHistory": false,
        "SyncClientCreationId": null,
        "DueTimeSpecified": true,
        "OwnerId": 701882
    },
    {
        "Id": 11003294,
        "Content": "ErickJSON",
        "ItemType": 1,
        "Checked": false,
        "ProjectId": null,
        "ParentId": null,
        "Path": "",
        "Collapsed": false,
        "DateString": null,
        "DateStringPriority": 0,
        "DueDate": "",
        "Recurrence": null,
        "ItemOrder": null,
        "Priority": 4,
        "LastSyncedDateTime": "/Date(1645756311414)/",
        "Children": [
            
        ],
        "DueDateTime": null,
        "CreatedDate": "/Date(1645756171517)/",
        "LastCheckedDate": null,
        "LastUpdatedDate": "/Date(1645756171517)/",
        "Deleted": false,
        "Notes": "",
        "InHistory": false,
        "SyncClientCreationId": null,
        "DueTimeSpecified": true,
        "OwnerId": 701882
    },
    {
        "Id": 11003295,
        "Content": "ErickJSON",
        "ItemType": 1,
        "Checked": false,
        "ProjectId": null,
        "ParentId": null,
        "Path": "",
        "Collapsed": false,
        "DateString": null,
        "DateStringPriority": 0,
        "DueDate": "",
        "Recurrence": null,
        "ItemOrder": null,
        "Priority": 4,
        "LastSyncedDateTime": "/Date(1645756311414)/",
        "Children": [
            
        ],
        "DueDateTime": null,
        "CreatedDate": "/Date(1645756257270)/",
        "LastCheckedDate": null,
        "LastUpdatedDate": "/Date(1645756257270)/",
        "Deleted": false,
        "Notes": "",
        "InHistory": false,
        "SyncClientCreationId": null,
        "DueTimeSpecified": true,
        "OwnerId": 701882
    },
    {
        "Id": 11003297,
        "Content": "ErickJSON",
        "ItemType": 1,
        "Checked": false,
        "ProjectId": null,
        "ParentId": null,
        "Path": "",
        "Collapsed": false,
        "DateString": null,
        "DateStringPriority": 0,
        "DueDate": "",
        "Recurrence": null,
        "ItemOrder": null,
        "Priority": 4,
        "LastSyncedDateTime": "/Date(1645756311414)/",
        "Children": [
            
        ],
        "DueDateTime": null,
        "CreatedDate": "/Date(1645756309357)/",
        "LastCheckedDate": null,
        "LastUpdatedDate": "/Date(1645756309357)/",
        "Deleted": false,
        "Notes": "",
        "InHistory": false,
        "SyncClientCreationId": null,
        "DueTimeSpecified": true,
        "OwnerId": 701882
    },
    {
        "Id": 11002585,
        "Content": "Add new tasks using the field below",
        "ItemType": 1,
        "Checked": false,
        "ProjectId": 3981478,
        "ParentId": null,
        "Path": "",
        "Collapsed": false,
        "DateString": null,
        "DateStringPriority": 0,
        "DueDate": "",
        "Recurrence": null,
        "ItemOrder": 0,
        "Priority": 4,
        "LastSyncedDateTime": "/Date(1645756311414)/",
        "Children": [
            
        ],
        "DueDateTime": null,
        "CreatedDate": "/Date(1645615891103)/",
        "LastCheckedDate": null,
        "LastUpdatedDate": "/Date(1645615891103)/",
        "Deleted": false,
        "Notes": "",
        "InHistory": false,
        "SyncClientCreationId": null,
        "DueTimeSpecified": null,
        "OwnerId": 701882
    },
    {
        "Id": 11002586,
        "Content": "Move items to different project using drag and drop. (Drag the small handler in front of the task)",
        "ItemType": 1,
        "Checked": false,
        "ProjectId": 3981478,
        "ParentId": null,
        "Path": "",
        "Collapsed": false,
        "DateString": null,
        "DateStringPriority": 0,
        "DueDate": "",
        "Recurrence": null,
        "ItemOrder": 1,
        "Priority": 4,
        "LastSyncedDateTime": "/Date(1645756311414)/",
        "Children": [
            
        ],
        "DueDateTime": null,
        "CreatedDate": "/Date(1645615891103)/",
        "LastCheckedDate": null,
        "LastUpdatedDate": "/Date(1645615891103)/",
        "Deleted": false,
        "Notes": "",
        "InHistory": false,
        "SyncClientCreationId": null,
        "DueTimeSpecified": null,
        "OwnerId": 701882
    },
    {
        "Id": 11002589,
        "Content": "You can drag and drop task on each other to create sub tasks, like this",
        "ItemType": 1,
        "Checked": false,
        "ProjectId": 3981478,
        "ParentId": 11002588,
        "Path": "",
        "Collapsed": false,
        "DateString": null,
        "DateStringPriority": 0,
        "DueDate": "",
        "Recurrence": null,
        "ItemOrder": 1,
        "Priority": 4,
        "LastSyncedDateTime": "/Date(1645756311414)/",
        "Children": [
            
        ],
        "DueDateTime": null,
        "CreatedDate": "/Date(1645615891103)/",
        "LastCheckedDate": null,
        "LastUpdatedDate": "/Date(1645615891103)/",
        "Deleted": false,
        "Notes": "",
        "InHistory": false,
        "SyncClientCreationId": null,
        "DueTimeSpecified": null,
        "OwnerId": 701882
    },
    {
        "Id": 11002587,
        "Content": "Hover your mouse over a project or item and click the icon on the right side of the item for more options",
        "ItemType": 1,
        "Checked": false,
        "ProjectId": 3981478,
        "ParentId": null,
        "Path": "",
        "Collapsed": false,
        "DateString": null,
        "DateStringPriority": 0,
        "DueDate": "",
        "Recurrence": null,
        "ItemOrder": 2,
        "Priority": 4,
        "LastSyncedDateTime": "/Date(1645756311414)/",
        "Children": [
            
        ],
        "DueDateTime": null,
        "CreatedDate": "/Date(1645615891103)/",
        "LastCheckedDate": null,
        "LastUpdatedDate": "/Date(1645615891103)/",
        "Deleted": false,
        "Notes": "",
        "InHistory": false,
        "SyncClientCreationId": null,
        "DueTimeSpecified": null,
        "OwnerId": 701882
    },
    {
        "Id": 11002588,
        "Content": "Try to drag and reorder items",
        "ItemType": 1,
        "Checked": false,
        "ProjectId": 3981478,
        "ParentId": null,
        "Path": "",
        "Collapsed": true,
        "DateString": null,
        "DateStringPriority": 0,
        "DueDate": "",
        "Recurrence": null,
        "ItemOrder": 3,
        "Priority": 4,
        "LastSyncedDateTime": "/Date(1645756311414)/",
        "Children": [
            
        ],
        "DueDateTime": null,
        "CreatedDate": "/Date(1645615891103)/",
        "LastCheckedDate": null,
        "LastUpdatedDate": "/Date(1645707542817)/",
        "Deleted": false,
        "Notes": "",
        "InHistory": false,
        "SyncClientCreationId": null,
        "DueTimeSpecified": null,
        "OwnerId": 701882
    }
]
Request method:	PUT
Request URI:	https://todo.ly/api/items/11003297.json
Proxy:			<none>
Request params:	<none>
Query params:	<none>
Form params:	<none>
Path params:	<none>
Headers:		Authorization=Basic dXBiX2FwaUBhcGkuY29tOjEyMzQ1
				Accept=*/*
				Content-Type=text/plain; charset=ISO-8859-1
Cookies:		<none>
Multiparts:		<none>
Body:
{"Content":"ErickUpdate"}
HTTP/1.1 200 OK
Cache-Control: no-cache, no-store, must-revalidate
Pragma: no-cache
Content-Type: application/json; charset=utf-8
Expires: -1
Server: Microsoft-IIS/8.0
Set-Cookie: ASP.NET_SessionId=x3wbw4umptuawzescwhrnifc; path=/; HttpOnly; SameSite=Lax
X-AspNetMvc-Version: 2.0
X-AspNet-Version: 4.0.30319
X-Powered-By: ASP.NET
Date: Fri, 25 Feb 2022 02:31:52 GMT
Content-Length: 532

{
    "Id": 11003297,
    "Content": "ErickUpdate",
    "ItemType": 1,
    "Checked": false,
    "ProjectId": null,
    "ParentId": null,
    "Path": "",
    "Collapsed": false,
    "DateString": null,
    "DateStringPriority": 0,
    "DueDate": "",
    "Recurrence": null,
    "ItemOrder": null,
    "Priority": 4,
    "LastSyncedDateTime": "/Date(1645756312927)/",
    "Children": [
        
    ],
    "DueDateTime": null,
    "CreatedDate": "/Date(1645756309357)/",
    "LastCheckedDate": null,
    "LastUpdatedDate": "/Date(1645756312897)/",
    "Deleted": false,
    "Notes": "",
    "InHistory": false,
    "SyncClientCreationId": null,
    "DueTimeSpecified": true,
    "OwnerId": 701882
}
Request method:	DELETE
Request URI:	https://todo.ly/api/items/11003297.json
Proxy:			<none>
Request params:	<none>
Query params:	<none>
Form params:	<none>
Path params:	<none>
Headers:		Authorization=Basic dXBiX2FwaUBhcGkuY29tOjEyMzQ1
				Accept=*/*
Cookies:		<none>
Multiparts:		<none>
Body:			<none>
HTTP/1.1 200 OK
Cache-Control: no-cache, no-store, must-revalidate
Pragma: no-cache
Content-Type: application/json; charset=utf-8
Expires: -1
Server: Microsoft-IIS/8.0
Set-Cookie: ASP.NET_SessionId=tbd11szg0zqrwir2rsgba4sq; path=/; HttpOnly; SameSite=Lax
X-AspNetMvc-Version: 2.0
X-AspNet-Version: 4.0.30319
X-Powered-By: ASP.NET
Date: Fri, 25 Feb 2022 02:31:53 GMT
Content-Length: 531

{
    "Id": 11003297,
    "Content": "ErickUpdate",
    "ItemType": 1,
    "Checked": false,
    "ProjectId": null,
    "ParentId": null,
    "Path": "",
    "Collapsed": false,
    "DateString": null,
    "DateStringPriority": 0,
    "DueDate": "",
    "Recurrence": null,
    "ItemOrder": null,
    "Priority": 4,
    "LastSyncedDateTime": "/Date(1645756313988)/",
    "Children": [
        
    ],
    "DueDateTime": null,
    "CreatedDate": "/Date(1645756309357)/",
    "LastCheckedDate": null,
    "LastUpdatedDate": "/Date(1645756313973)/",
    "Deleted": true,
    "Notes": "",
    "InHistory": false,
    "SyncClientCreationId": null,
    "DueTimeSpecified": true,
    "OwnerId": 701882
}
]]></system-out>
  <system-err><![CDATA[]]></system-err>
</testsuite>
